

        **********************************************************
        ** PROGRAM FullProf.2k (Version 7.95 - Jan2023-ILL JRC) **
        **********************************************************
                       M U L T I -- P A T T E R N                 
            Rietveld, Profile Matching & Integrated Intensity     
                 Refinement of X-ray and/or Neutron Data


    Date: 07/02/2024  Time: 16:43:39.846                              

 => PCR file code: SSM-0
 => DAT file code: SSM-0.dat            -> Relative contribution: 1.0000                                                            

 ==> CONDITIONS OF THIS RUN FOR PATTERN No.:  1

 => Global Refinement of X-ray powder diffraction data                                                                              
 => Global Refinement of X-ray powder diffraction data                                                                              
    Bragg-Brentano(X-rays) or Debye-Scherrer geometry(Neutrons)
 => Title: SSM-0

 => Number of phases:    1
 => Number of excluded regions:    0
 => Number of scattering factors supplied:    0
 => Conventional weights: w=1.0/Variance(yobs)
 => Asymmetry correction as in J.Appl.Cryst. 26,128(1993)
 => Background refined by polynomial function
 => The    5th default profile function was selected
 => Pseudo-Voigt function (ETA variable)
                 X-parameter correspond to: ETA=ETA0+X*2theta
                       pV(x)= ETA*L(x)+(1-ETA)*G(x)

 ==> INPUT/OUTPUT OPTIONS:

 => Generate file *.PRF for plot
 => Output Integrated Intensities
 => Generate new input file *.PCR

 => Data supplied in free format for pattern:  1
 => Plot pattern at each cycle
 => Wavelengths:  1.54056 1.54439
 => Alpha2/Alpha1 ratio:   0.5000
 => Cos(Monochromator angle)=   0.9100
 => Asymmetry correction for angles lower than    0.000 degrees
 => Absorption correction (AC), muR-eff =   0.0000  0.0000
 => Base of peaks: 2.0*HW*    8.00

 => Number of cycles:   15
 => Relaxation factors ==>    for coordinates:  1.00
 => for anisotropic temperature factors:  1.00
 => for halfwidth/strain/size parameters:  1.00
 => for lattice constants and propagation vectors:  1.00
 => EPS-value for convergence:    0.1
 => Number of Least-Squares parameters varied:     7

 =>--------------------------->
 =>------->  PATTERN number:  1
 =>--------------------------->
 => Global parameters and codes ==>
 => Zero-point:     0.0568    0.0000
 => Background parameters and codes ==>
 => Origin of polynomial at 2theta/TOF/E(KeV):   40.000  
  158.68     -164.84      371.87     -270.04     -260.43      265.83    
        0.00        0.00       21.00       31.00        0.00        0.00
 => Displacement peak-shift parameter and code:     0.00    0.00
 => Transparency peak-shift parameter and code:    -0.01    0.00

 => Reading Intensity data  =>>

 ==> Angular range, step and number of points:
     2Thmin:      10.000000  2Thmax:      90.000000  Step:       0.010000  No. of points:   8001
 --------------------------------------------------------------------------------
 => Phase  No. 1
      Tetragonal                                                            
 --------------------------------------------------------------------------------
 =>-------> Pattern#  1
 => Profile Matching (fixed scale)
 => Input data if irf=2: Integrated Intensities
 => Preferred orientation vector:   0.0000  0.0000  1.0000

 =>-------> Data for PHASE: 1
 => Number of atoms:    0
 => Number of distance  constraints:    0
 => Number of angle     constraints:    0

 => Symmetry information on space group: I 4/m m m           
 -> The multiplicity of the general position is:  32
 -> The space group is Centric (-1 at origin)   
 -> Lattice type  I: { 000; 1/2 1/2 1/2 }+                         
 -> Reduced set of symmetry operators:

  No.  IT   Symmetry symbol    Rotation part     Associated Translation
   1: ( 1)   1            -->     ( x, y, z) + {  0.0000  0.0000  0.0000}
   2: (16)  4+ ( 0, 0, z) -->     (-y, x, z) + {  0.0000  0.0000  0.0000}
   3: ( 2)   2 ( 0, 0, z) -->     (-x,-y, z) + {  0.0000  0.0000  0.0000}
   4: (15)  4- ( 0, 0, z) -->     ( y,-x, z) + {  0.0000  0.0000  0.0000}
   5: ( 4)   2 ( x, 0, 0) -->     ( x,-y,-z) + {  0.0000  0.0000  0.0000}
   6: (14)   2 ( x,-x, 0) -->     (-y,-x,-z) + {  0.0000  0.0000  0.0000}
   7: ( 3)   2 ( 0, y, 0) -->     (-x, y,-z) + {  0.0000  0.0000  0.0000}
   8: (13)   2 ( x, x, 0) -->     ( y, x,-z) + {  0.0000  0.0000  0.0000}


        Information on Space Group: 
        --------------------------- 

 =>   Number of Space group: 139
 =>  Hermann-Mauguin Symbol: I 4/m m m
 =>             Hall Symbol: -I 4 2
 =>            Setting Type: IT (Generated from Hermann-Mauguin symbol)
 =>          Crystal System: Tetragonal
 =>              Laue Class: 4/mmm
 =>             Point Group: 4/mmm
 =>         Bravais Lattice: I
 =>          Lattice Symbol: tI
 =>  Reduced Number of S.O.:   8
 =>    General multiplicity:  32
 =>          Centrosymmetry: Centric (-1 at origin)
 =>  Generators (exc. -1&L):   2
 =>         Asymmetric unit:  0.000 <= x <=  0.500
                              0.000 <= y <=  0.500
                              0.000 <= z <=  0.250
 => Centring vectors:  1
 => Latt( 1): (1/2,1/2,1/2)                                                                         

 => List of all Symmetry Operators and Symmetry Symbols

 => SYMM(  1): x,y,z                             Symbol: 1
 => SYMM(  2): -y,x,z                            Symbol: 4+ 0,0,z
 => SYMM(  3): -x,-y,z                           Symbol: 2 0,0,z
 => SYMM(  4): y,-x,z                            Symbol: 4- 0,0,z
 => SYMM(  5): -x,y,z                            Symbol: m 0,y,z
 => SYMM(  6): y,x,z                             Symbol: m x,x,z
 => SYMM(  7): x,-y,z                            Symbol: m x,0,z
 => SYMM(  8): -y,-x,z                           Symbol: m x,-x,z
 => SYMM(  9): -x,-y,-z                          Symbol: -1 0,0,0
 => SYMM( 10): y,-x,-z                           Symbol: -4+ 0,0,z; 0,0,0
 => SYMM( 11): x,y,-z                            Symbol: m x,y,0
 => SYMM( 12): -y,x,-z                           Symbol: -4- 0,0,z; 0,0,0
 => SYMM( 13): x,-y,-z                           Symbol: 2 x,0,0
 => SYMM( 14): -y,-x,-z                          Symbol: 2 x,-x,0
 => SYMM( 15): -x,y,-z                           Symbol: 2 0,y,0
 => SYMM( 16): y,x,-z                            Symbol: 2 x,x,0
 => SYMM( 17): x+1/2,y+1/2,z+1/2                 Symbol: t (1/2,1/2,1/2)
 => SYMM( 18): -y+1/2,x+1/2,z+1/2                Symbol: 4+ (0,0,1/2) 0,1/2,z
 => SYMM( 19): -x+1/2,-y+1/2,z+1/2               Symbol: 2 (0,0,1/2) 1/4,1/4,z
 => SYMM( 20): y+1/2,-x+1/2,z+1/2                Symbol: 4- (0,0,1/2) 1/2,0,z
 => SYMM( 21): -x+1/2,y+1/2,z+1/2                Symbol: n (0,1/2,1/2) 1/4,y,z
 => SYMM( 22): y+1/2,x+1/2,z+1/2                 Symbol: n (1/2,1/2,1/2) x,x,z
 => SYMM( 23): x+1/2,-y+1/2,z+1/2                Symbol: n (1/2,0,1/2) x,1/4,z
 => SYMM( 24): -y+1/2,-x+1/2,z+1/2               Symbol: c x,-x+1/2,z
 => SYMM( 25): -x+1/2,-y+1/2,-z+1/2              Symbol: -1 1/4,1/4,1/4
 => SYMM( 26): y+1/2,-x+1/2,-z+1/2               Symbol: -4+ 1/2,0,z; 1/2,0,1/4
 => SYMM( 27): x+1/2,y+1/2,-z+1/2                Symbol: n (1/2,1/2,0) x,y,1/4
 => SYMM( 28): -y+1/2,x+1/2,-z+1/2               Symbol: -4- 0,1/2,z; 0,1/2,1/4
 => SYMM( 29): x+1/2,-y+1/2,-z+1/2               Symbol: 2 (1/2,0,0) x,1/4,1/4
 => SYMM( 30): -y+1/2,-x+1/2,-z+1/2              Symbol: 2 x,-x+1/2,1/4
 => SYMM( 31): -x+1/2,y+1/2,-z+1/2               Symbol: 2 (0,1/2,0) 1/4,y,1/4
 => SYMM( 32): y+1/2,x+1/2,-z+1/2                Symbol: 2 (1/2,1/2,0) x,x,1/4

 => Special Wyckoff Positions for I 4/m m m
 
    Multp     Site        Representative Coordinates (centring translations excluded)
     16       n              0,y,z               -y,0,z              0,-y,z                                  
                             y,0,z               0,-y,-z             y,0,-z                                  
                             0,y,-z              -y,0,-z                                                     
 
     16       m              x,x,z               -x,x,z              -x,-x,z                                 
                             x,-x,z              -x,-x,-z            x,-x,-z                                 
                             x,x,-z              -x,x,-z                                                     
 
     16       l              x,y,0               -y,x,0              -x,-y,0                                 
                             y,-x,0              -x,y,0              y,x,0                                   
                             x,-y,0              -y,-x,0                                                     
 
     16       k              x,x+1/2,1/4         -x+1/2,x,1/4        -x,-x+1/2,1/4                           
                             x+1/2,-x,1/4        -x,x+1/2,1/4        x+1/2,x,1/4                             
                             x,-x+1/2,1/4        -x+1/2,-x,1/4                                               
 
      8       j              x,1/2,0             1/2,x,0             -x,1/2,0                                
                             1/2,-x,0                                                                        
 
      8       i              x,0,0               0,x,0               -x,0,0                                  
                             0,-x,0                                                                          
 
      8       h              x,x,0               -x,x,0              -x,-x,0                                 
                             x,-x,0                                                                          
 
      8       g              0,1/2,z             1/2,0,z             0,1/2,-z                                
                             1/2,0,-z                                                                        
 
      8       f              1/4,1/4,1/4         3/4,1/4,1/4         3/4,3/4,1/4                             
                             1/4,3/4,1/4                                                                     
 
      4       e              0,0,z               0,0,-z                                                      
 
      4       d              0,1/2,1/4           1/2,0,1/4                                                   
 
      4       c              0,1/2,0             1/2,0,0                                                     
 
      2       b              0,0,1/2                                                                         
 
      2       a              0,0,0                                                                           
 

 =>-------> PROFILE PARAMETERS FOR PATTERN:  1

 => Overall scale factor:   0.100000E-02
 => ETA (p-Voigt) OR M (Pearson VII):   0.5262
 => Overall temperature factor:      3.08756
 => Halfwidth U,V,W:      0.00413    -0.00762     0.00625
 => X and Y parameters:       0.0188      0.0000
 => Direct cell parameters:    4.0526   4.0526  12.5883  90.0000  90.0000  90.0000
 => Preferred orientation parameters:   0.0000  0.0000
 => Asymmetry parameters     :      0.00000     0.00000     0.00000     0.00000
 => Strain parameters        :      0.00000     0.00000     0.00000
 => Size   parameters        :      0.00000     0.00000

 ==> CODEWORDS FOR PROFILE PARAMETERS of PATTERN#  1

 => Overall scale factor:    0.000
 => ETA (p-Voigt) OR M (Pearson VII):   71.000
 => Overall temperature factor:   61.000
 => Halfwidth U,V,W:    0.000   0.000   0.000
 => X and Y parameters:    0.000   0.000
 => Direct cell parameters:   51.000  51.000  11.000   0.000   0.000   0.000
 => Preferred orientation parameters:    0.000   0.000
 => Asymmetry parameters     :    0.000   0.000   0.000   0.000
 => Strain parameters        :    0.000   0.000   0.000
 => Size   parameters        :    0.000   0.000

 => Cell constraints according to Laue symmetry: 4/mmm

        Metric information:
        -------------------

 => Direct cell parameters:

         a =       4.0526      b =       4.0526      c =      12.5883
     alpha =       90.000   beta =       90.000  gamma =       90.000
                        Direct Cell Volume =     206.7489

 => Reciprocal cell parameters:

         a*=     0.246753      b*=     0.246753      c*=     0.079439
     alpha*=       90.000   beta*=       90.000  gamma*=       90.000
                    Reciprocal Cell Volume =   0.00483679

 => Direct and Reciprocal Metric Tensors:

                   GD                                       GR
     16.4239      0.0000      0.0000          0.060887    0.000000    0.000000
      0.0000     16.4239      0.0000          0.000000    0.060887    0.000000
      0.0000      0.0000    158.4653          0.000000    0.000000    0.006311

 =>  Cartesian frame: x // a; z is along c*; y is within the ab-plane   

     Crystal_to_Orthonormal_Matrix              Orthonormal_to_Crystal Matrix
              Cr_Orth_cel                               Orth_Cr_cel  
      4.0526      0.0000      0.0000          0.246753   -0.000000   -0.000000
      0.0000      4.0526      0.0000          0.000000    0.246753   -0.000000
      0.0000      0.0000     12.5883          0.000000    0.000000    0.079439

     Busing-Levy B-matrix: Hc=B.H            Inverse of the Busing-Levy B-matrix
                BL_M                                      BL_Minv  
    0.246753    0.000000    0.000000            4.0526     -0.0000     -0.0000
    0.000000    0.246753   -0.000000            0.0000      4.0526      0.0000
    0.000000    0.000000    0.079439            0.0000      0.0000     12.5883

 => Given Laue symmetry 4/mmm Indices are read from file

 => The Number of Reflections read for phase     1 and pattern#   1 is:  76

     --------------------------------------------------------------
      SYMBOLIC NAMES AND INITIAL VALUES OF PARAMETERS TO BE VARIED:
     --------------------------------------------------------------

      ->  Parameter number    1   -> Symbolic Name:                                    Cell_C_ph1_pat1     12.588302    
      ->  Parameter number    2   -> Symbolic Name:                                         Bck_2_pat1     371.86899    
      ->  Parameter number    3   -> Symbolic Name:                                         Bck_3_pat1    -270.04401    
      ->  Parameter number    4   -> Symbolic Name:                                        Lambda_pat1   -0.41300000E-03
      ->  Parameter number    5   -> Symbolic Name:                                    Cell_A_ph1_pat1     4.0526400    
      ->  Parameter number    6   -> Symbolic Name:                                     Bover_ph1_pat1     3.0875599    
      ->  Parameter number    7   -> Symbolic Name:                                     EtaPV_ph1_pat1    0.52618003    
  
 
 => Optimizations for routine tasks applied:
 => Calculation mode for patter#:   1  CM_GENERAL     
 
 ++++++++++++++++++++++++++++++++++++++++++++++++++++++++++++++++++++++++++++++++++++++++++++++++++++++++++++++++++++++++

 => CYCLE No.:    1
 ---------------------------------------------------------------------------------------
 => Phase  1 Name: Tetragonal                                                            
 ---------------------------------------------------------------------------------------

 ==> PROFILE PARAMETERS FOR PATTERN#  1

 => Overall scale factor:      0.001000000     0.000000000     0.000000000
 => Eta(p-Voigt) or m(Pearson VII):   0.525898 -0.000282  0.005739
 => Overall tem. factor:     3.283344    0.195784    0.019865
 => Halfwidth parameters: 
         0.004133    0.000000    0.000000
        -0.007618    0.000000    0.000000
         0.006255    0.000000    0.000000
 => Cell parameters: 
        4.052638   -0.000002    0.011583
        4.052638   -0.000002    0.011583
       12.588289   -0.000012    0.035980
       90.000000    0.000000    0.000000
       90.000000    0.000000    0.000000
       90.000000    0.000000    0.000000
 => Preferred orientation: 
         0.000000    0.000000    0.000000
         0.000000    0.000000    0.000000
 => Asymmetry parameters: 
         0.000000    0.000000    0.000000
         0.000000    0.000000    0.000000
         0.000000    0.000000    0.000000
         0.000000    0.000000    0.000000
 => X and Y parameters: 
         0.018772    0.000000    0.000000
         0.000000    0.000000    0.000000
 => Strain parameters: 
         0.000000    0.000000    0.000000
         0.000000    0.000000    0.000000
         0.000000    0.000000    0.000000
 => Size   parameters (G,L): 
         0.000000    0.000000    0.000000
         0.000000    0.000000    0.000000

 ==> GLOBAL PARAMETERS FOR PATTERN#  1


 => Zero-point:     0.0568    0.0000    0.0000
 => Refined wavelength:  -0.000414 -0.000001  0.004403
 => Background Polynomial Parameters ==>
       158.68      0.0000      0.0000    
      -164.84      0.0000      0.0000    
       373.52      1.6521      2.3665    
      -271.80     -1.7584      2.2683    
      -260.43      0.0000      0.0000    
       265.83      0.0000      0.0000    

 => Cos( theta)-shift parameter :   0.0018  0.0000  0.0000
 => Sin(2theta)-shift parameter :  -0.0074  0.0000  0.0000

 ==> RELIABILITY FACTORS WITH ALL NON-EXCLUDED POINTS FOR PATTERN:  1

 => R-Factors:   9.82      13.6     Chi2:  6.17     DW-Stat.:  0.3247   Patt#:  1
 => Expected :            5.48                                1.9324
 => Deviance : 0.597E+05     Dev*:   7.467    
 => GoF-index:  2.5         Sqrt(Residual/N)
 => N-P+C:  7994

 =>    SumYdif       SumYobs      SumYcal      SumwYobsSQ     Residual    Condition
     0.2617E+06    0.2665E+07    0.2658E+07    0.2665E+07    0.4933E+05    0.1372E+16


 => Conventional Rietveld Rp,Rwp,Re and Chi2:   22.5      22.2      8.93      6.171    
 => (Values obtained using Ynet, but true sigma(y))
 =>  SumYnet, Sum(w Ynet**2):     0.1162E+07    0.1003E+07


 ==> RELIABILITY FACTORS FOR POINTS WITH BRAGG CONTRIBUTIONS FOR PATTERN:  1

 => R-Factors:   10.5      13.3     Chi2:  8.75     DW-Stat.:  0.5439   Patt#:
 => Expected :            4.51                                1.8972
 => Deviance : 0.287E+05     Dev*:   8.518    
 => GoF-index:  3.0         Sqrt(Residual/N)
 => N-P+C:  3365

 =>    SumYdif       SumYobs      SumYcal      SumwYobsSQ     Residual    Condition
     0.1742E+06    0.1656E+07    0.1668E+07    0.1656E+07    0.2945E+05    0.1372E+16


 => Conventional Rietveld Rp,Rwp,Re and Chi2:   15.2      17.3      5.85      8.753    
 => (Values obtained using Ynet, but true sigma(y))
 =>  SumYnet, Sum(w Ynet**2):     0.1143E+07    0.9836E+06


 => Global user-weigthed Chi2 (Bragg contrib.):   8.75    

 => ---------> Pattern#  1
 => Phase:  1
 =>    Bragg R-factor:  2.04    
 =>    RF-factor     :  2.04    
 ++++++++++++++++++++++++++++++++++++++++++++++++++++++++++++++++++++++++++++++++++++++++++++++++++++++++++++++++++++++++

 => CYCLE No.:    2
 ---------------------------------------------------------------------------------------
 => Phase  1 Name: Tetragonal                                                            
 ---------------------------------------------------------------------------------------

 ==> PROFILE PARAMETERS FOR PATTERN#  1

 => Overall scale factor:      0.001000000     0.000000000     0.000000000
 => Eta(p-Voigt) or m(Pearson VII):   0.526066  0.000167  0.005707
 => Overall tem. factor:     3.251554   -0.031791    0.020066
 => Halfwidth parameters: 
         0.004133    0.000000    0.000000
        -0.007618    0.000000    0.000000
         0.006255    0.000000    0.000000
 => Cell parameters: 
        4.052629   -0.000009    0.000000
        4.052629   -0.000009    0.000000
       12.588271   -0.000018    0.000000
       90.000000    0.000000    0.000000
       90.000000    0.000000    0.000000
       90.000000    0.000000    0.000000
 => Preferred orientation: 
         0.000000    0.000000    0.000000
         0.000000    0.000000    0.000000
 => Asymmetry parameters: 
         0.000000    0.000000    0.000000
         0.000000    0.000000    0.000000
         0.000000    0.000000    0.000000
         0.000000    0.000000    0.000000
 => X and Y parameters: 
         0.018772    0.000000    0.000000
         0.000000    0.000000    0.000000
 => Strain parameters: 
         0.000000    0.000000    0.000000
         0.000000    0.000000    0.000000
         0.000000    0.000000    0.000000
 => Size   parameters (G,L): 
         0.000000    0.000000    0.000000
         0.000000    0.000000    0.000000

 ==> GLOBAL PARAMETERS FOR PATTERN#  1


 => Zero-point:     0.0568    0.0000    0.0000
 => Refined wavelength:  -0.000416 -0.000002  0.003893
 => Background Polynomial Parameters ==>
       158.68      0.0000      0.0000    
      -164.84      0.0000      0.0000    
       372.52    -0.99949      2.2790    
      -269.21      2.5877      2.1846    
      -260.43      0.0000      0.0000    
       265.83      0.0000      0.0000    

 => Cos( theta)-shift parameter :   0.0018  0.0000  0.0000
 => Sin(2theta)-shift parameter :  -0.0074  0.0000  0.0000

 ==> RELIABILITY FACTORS WITH ALL NON-EXCLUDED POINTS FOR PATTERN:  1

 => R-Factors:   9.73      13.3     Chi2:  5.90     DW-Stat.:  0.3222   Patt#:  1
 => Expected :            5.48                                1.9324
 => Deviance : 0.594E+05     Dev*:   7.424    
 => GoF-index:  2.4         Sqrt(Residual/N)
 => N-P+C:  7994

 =>    SumYdif       SumYobs      SumYcal      SumwYobsSQ     Residual    Condition
     0.2594E+06    0.2665E+07    0.2618E+07    0.2665E+07    0.4719E+05    0.1238E+16


 => Conventional Rietveld Rp,Rwp,Re and Chi2:   22.4      21.7      8.93      5.903    
 => (Values obtained using Ynet, but true sigma(y))
 =>  SumYnet, Sum(w Ynet**2):     0.1160E+07    0.1003E+07


 ==> RELIABILITY FACTORS FOR POINTS WITH BRAGG CONTRIBUTIONS FOR PATTERN:  1

 => R-Factors:   10.4      12.8     Chi2:  8.10     DW-Stat.:  0.5574   Patt#:
 => Expected :            4.51                                1.8972
 => Deviance : 0.282E+05     Dev*:   8.381    
 => GoF-index:  2.8         Sqrt(Residual/N)
 => N-P+C:  3365

 =>    SumYdif       SumYobs      SumYcal      SumwYobsSQ     Residual    Condition
     0.1718E+06    0.1656E+07    0.1627E+07    0.1656E+07    0.2727E+05    0.1238E+16


 => Conventional Rietveld Rp,Rwp,Re and Chi2:   15.0      16.7      5.85      8.105    
 => (Values obtained using Ynet, but true sigma(y))
 =>  SumYnet, Sum(w Ynet**2):     0.1143E+07    0.9834E+06


 => Global user-weigthed Chi2 (Bragg contrib.):   8.10    

 => ---------> Pattern#  1
 => Phase:  1
 =>    Bragg R-factor:  3.24    
 =>    RF-factor     :  3.25    
 ++++++++++++++++++++++++++++++++++++++++++++++++++++++++++++++++++++++++++++++++++++++++++++++++++++++++++++++++++++++++

 => CYCLE No.:    3
 ---------------------------------------------------------------------------------------
 => Phase  1 Name: Tetragonal                                                            
 ---------------------------------------------------------------------------------------

 ==> PROFILE PARAMETERS FOR PATTERN#  1

 => Overall scale factor:      0.001000000     0.000000000     0.000000000
 => Eta(p-Voigt) or m(Pearson VII):   0.525881 -0.000185  0.005619
 => Overall tem. factor:     3.348544    0.096990    0.019325
 => Halfwidth parameters: 
         0.004133    0.000000    0.000000
        -0.007618    0.000000    0.000000
         0.006255    0.000000    0.000000
 => Cell parameters: 
        4.052623   -0.000007    0.008620
        4.052623   -0.000007    0.008620
       12.588245   -0.000026    0.026776
       90.000000    0.000000    0.000000
       90.000000    0.000000    0.000000
       90.000000    0.000000    0.000000
 => Preferred orientation: 
         0.000000    0.000000    0.000000
         0.000000    0.000000    0.000000
 => Asymmetry parameters: 
         0.000000    0.000000    0.000000
         0.000000    0.000000    0.000000
         0.000000    0.000000    0.000000
         0.000000    0.000000    0.000000
 => X and Y parameters: 
         0.018772    0.000000    0.000000
         0.000000    0.000000    0.000000
 => Strain parameters: 
         0.000000    0.000000    0.000000
         0.000000    0.000000    0.000000
         0.000000    0.000000    0.000000
 => Size   parameters (G,L): 
         0.000000    0.000000    0.000000
         0.000000    0.000000    0.000000

 ==> GLOBAL PARAMETERS FOR PATTERN#  1


 => Zero-point:     0.0568    0.0000    0.0000
 => Refined wavelength:  -0.000418 -0.000002  0.003277
 => Background Polynomial Parameters ==>
       158.68      0.0000      0.0000    
      -164.84      0.0000      0.0000    
       371.73    -0.79280      2.3169    
      -269.53    -0.31759      2.2207    
      -260.43      0.0000      0.0000    
       265.83      0.0000      0.0000    

 => Cos( theta)-shift parameter :   0.0018  0.0000  0.0000
 => Sin(2theta)-shift parameter :  -0.0074  0.0000  0.0000

 ==> RELIABILITY FACTORS WITH ALL NON-EXCLUDED POINTS FOR PATTERN:  1

 => R-Factors:   9.75      13.4     Chi2:  6.02     DW-Stat.:  0.3325   Patt#:  1
 => Expected :            5.48                                1.9324
 => Deviance : 0.585E+05     Dev*:   7.316    
 => GoF-index:  2.5         Sqrt(Residual/N)
 => N-P+C:  7994

 =>    SumYdif       SumYobs      SumYcal      SumwYobsSQ     Residual    Condition
     0.2599E+06    0.2665E+07    0.2656E+07    0.2665E+07    0.4810E+05    0.1375E+16


 => Conventional Rietveld Rp,Rwp,Re and Chi2:   22.4      21.9      8.93      6.016    
 => (Values obtained using Ynet, but true sigma(y))
 =>  SumYnet, Sum(w Ynet**2):     0.1158E+07    0.1002E+07


 ==> RELIABILITY FACTORS FOR POINTS WITH BRAGG CONTRIBUTIONS FOR PATTERN:  1

 => R-Factors:   10.4      13.0     Chi2:  8.38     DW-Stat.:  0.5673   Patt#:
 => Expected :            4.51                                1.8972
 => Deviance : 0.278E+05     Dev*:   8.257    
 => GoF-index:  2.9         Sqrt(Residual/N)
 => N-P+C:  3365

 =>    SumYdif       SumYobs      SumYcal      SumwYobsSQ     Residual    Condition
     0.1722E+06    0.1656E+07    0.1664E+07    0.1656E+07    0.2819E+05    0.1375E+16


 => Conventional Rietveld Rp,Rwp,Re and Chi2:   15.1      16.9      5.85      8.378    
 => (Values obtained using Ynet, but true sigma(y))
 =>  SumYnet, Sum(w Ynet**2):     0.1141E+07    0.9825E+06


 => Global user-weigthed Chi2 (Bragg contrib.):   8.38    

 => ---------> Pattern#  1
 => Phase:  1
 =>    Bragg R-factor:  1.61    
 =>    RF-factor     :  2.05    
 ++++++++++++++++++++++++++++++++++++++++++++++++++++++++++++++++++++++++++++++++++++++++++++++++++++++++++++++++++++++++

 => CYCLE No.:    4
 ---------------------------------------------------------------------------------------
 => Phase  1 Name: Tetragonal                                                            
 ---------------------------------------------------------------------------------------

 ==> PROFILE PARAMETERS FOR PATTERN#  1

 => Overall scale factor:      0.001000000     0.000000000     0.000000000
 => Eta(p-Voigt) or m(Pearson VII):   0.526356  0.000475  0.005642
 => Overall tem. factor:     3.380281    0.031737    0.019691
 => Halfwidth parameters: 
         0.004133    0.000000    0.000000
        -0.007618    0.000000    0.000000
         0.006255    0.000000    0.000000
 => Cell parameters: 
        4.052628    0.000005    0.000000
        4.052628    0.000005    0.000000
       12.588262    0.000016    0.000000
       90.000000    0.000000    0.000000
       90.000000    0.000000    0.000000
       90.000000    0.000000    0.000000
 => Preferred orientation: 
         0.000000    0.000000    0.000000
         0.000000    0.000000    0.000000
 => Asymmetry parameters: 
         0.000000    0.000000    0.000000
         0.000000    0.000000    0.000000
         0.000000    0.000000    0.000000
         0.000000    0.000000    0.000000
 => X and Y parameters: 
         0.018772    0.000000    0.000000
         0.000000    0.000000    0.000000
 => Strain parameters: 
         0.000000    0.000000    0.000000
         0.000000    0.000000    0.000000
         0.000000    0.000000    0.000000
 => Size   parameters (G,L): 
         0.000000    0.000000    0.000000
         0.000000    0.000000    0.000000

 ==> GLOBAL PARAMETERS FOR PATTERN#  1


 => Zero-point:     0.0568    0.0000    0.0000
 => Refined wavelength:  -0.000418  0.000000  0.007706
 => Background Polynomial Parameters ==>
       158.68      0.0000      0.0000    
      -164.84      0.0000      0.0000    
       371.72    -0.80186E-02  2.2838    
      -269.37     0.16148      2.1892    
      -260.43      0.0000      0.0000    
       265.83      0.0000      0.0000    

 => Cos( theta)-shift parameter :   0.0018  0.0000  0.0000
 => Sin(2theta)-shift parameter :  -0.0074  0.0000  0.0000

 ==> RELIABILITY FACTORS WITH ALL NON-EXCLUDED POINTS FOR PATTERN:  1

 => R-Factors:   9.70      13.3     Chi2:  5.91     DW-Stat.:  0.3282   Patt#:  1
 => Expected :            5.48                                1.9324
 => Deviance : 0.587E+05     Dev*:   7.341    
 => GoF-index:  2.4         Sqrt(Residual/N)
 => N-P+C:  7994

 =>    SumYdif       SumYobs      SumYcal      SumwYobsSQ     Residual    Condition
     0.2586E+06    0.2665E+07    0.2632E+07    0.2665E+07    0.4726E+05    0.1284E+16


 => Conventional Rietveld Rp,Rwp,Re and Chi2:   22.3      21.7      8.93      5.912    
 => (Values obtained using Ynet, but true sigma(y))
 =>  SumYnet, Sum(w Ynet**2):     0.1161E+07    0.1003E+07


 ==> RELIABILITY FACTORS FOR POINTS WITH BRAGG CONTRIBUTIONS FOR PATTERN:  1

 => R-Factors:   10.3      12.9     Chi2:  8.14     DW-Stat.:  0.5665   Patt#:
 => Expected :            4.51                                1.8972
 => Deviance : 0.278E+05     Dev*:   8.251    
 => GoF-index:  2.9         Sqrt(Residual/N)
 => N-P+C:  3364

 =>    SumYdif       SumYobs      SumYcal      SumwYobsSQ     Residual    Condition
     0.1711E+06    0.1656E+07    0.1642E+07    0.1656E+07    0.2738E+05    0.1284E+16


 => Conventional Rietveld Rp,Rwp,Re and Chi2:   15.0      16.7      5.85      8.140    
 => (Values obtained using Ynet, but true sigma(y))
 =>  SumYnet, Sum(w Ynet**2):     0.1143E+07    0.9834E+06


 => Global user-weigthed Chi2 (Bragg contrib.):   8.14    

 => ---------> Pattern#  1
 => Phase:  1
 =>    Bragg R-factor:  2.21    
 =>    RF-factor     :  2.77    
 ++++++++++++++++++++++++++++++++++++++++++++++++++++++++++++++++++++++++++++++++++++++++++++++++++++++++++++++++++++++++

 => CYCLE No.:    5
 ---------------------------------------------------------------------------------------
 => Phase  1 Name: Tetragonal                                                            
 ---------------------------------------------------------------------------------------

 ==> PROFILE PARAMETERS FOR PATTERN#  1

 => Overall scale factor:      0.001000000     0.000000000     0.000000000
 => Eta(p-Voigt) or m(Pearson VII):   0.526165 -0.000191  0.005617
 => Overall tem. factor:     3.447334    0.067052    0.019456
 => Halfwidth parameters: 
         0.004133    0.000000    0.000000
        -0.007618    0.000000    0.000000
         0.006255    0.000000    0.000000
 => Cell parameters: 
        4.052631    0.000003    0.012187
        4.052631    0.000003    0.012187
       12.588272    0.000010    0.037854
       90.000000    0.000000    0.000000
       90.000000    0.000000    0.000000
       90.000000    0.000000    0.000000
 => Preferred orientation: 
         0.000000    0.000000    0.000000
         0.000000    0.000000    0.000000
 => Asymmetry parameters: 
         0.000000    0.000000    0.000000
         0.000000    0.000000    0.000000
         0.000000    0.000000    0.000000
         0.000000    0.000000    0.000000
 => X and Y parameters: 
         0.018772    0.000000    0.000000
         0.000000    0.000000    0.000000
 => Strain parameters: 
         0.000000    0.000000    0.000000
         0.000000    0.000000    0.000000
         0.000000    0.000000    0.000000
 => Size   parameters (G,L): 
         0.000000    0.000000    0.000000
         0.000000    0.000000    0.000000

 ==> GLOBAL PARAMETERS FOR PATTERN#  1


 => Zero-point:     0.0568    0.0000    0.0000
 => Refined wavelength:  -0.000418  0.000000  0.004633
 => Background Polynomial Parameters ==>
       158.68      0.0000      0.0000    
      -164.84      0.0000      0.0000    
       371.61    -0.10814      2.2968    
      -269.36     0.10124E-01  2.2015    
      -260.43      0.0000      0.0000    
       265.83      0.0000      0.0000    

 => Cos( theta)-shift parameter :   0.0018  0.0000  0.0000
 => Sin(2theta)-shift parameter :  -0.0074  0.0000  0.0000

 ==> RELIABILITY FACTORS WITH ALL NON-EXCLUDED POINTS FOR PATTERN:  1

 => R-Factors:   9.71      13.4     Chi2:  5.95     DW-Stat.:  0.3314   Patt#:  1
 => Expected :            5.48                                1.9324
 => Deviance : 0.586E+05     Dev*:   7.324    
 => GoF-index:  2.4         Sqrt(Residual/N)
 => N-P+C:  7994

 =>    SumYdif       SumYobs      SumYcal      SumwYobsSQ     Residual    Condition
     0.2589E+06    0.2665E+07    0.2644E+07    0.2665E+07    0.4757E+05    0.1332E+16


 => Conventional Rietveld Rp,Rwp,Re and Chi2:   22.3      21.8      8.93      5.951    
 => (Values obtained using Ynet, but true sigma(y))
 =>  SumYnet, Sum(w Ynet**2):     0.1161E+07    0.1003E+07


 ==> RELIABILITY FACTORS FOR POINTS WITH BRAGG CONTRIBUTIONS FOR PATTERN:  1

 => R-Factors:   10.3      12.9     Chi2:  8.23     DW-Stat.:  0.5694   Patt#:
 => Expected :            4.51                                1.8971
 => Deviance : 0.277E+05     Dev*:   8.223    
 => GoF-index:  2.9         Sqrt(Residual/N)
 => N-P+C:  3363

 =>    SumYdif       SumYobs      SumYcal      SumwYobsSQ     Residual    Condition
     0.1713E+06    0.1656E+07    0.1653E+07    0.1656E+07    0.2769E+05    0.1332E+16


 => Conventional Rietveld Rp,Rwp,Re and Chi2:   15.0      16.8      5.85      8.233    
 => (Values obtained using Ynet, but true sigma(y))
 =>  SumYnet, Sum(w Ynet**2):     0.1143E+07    0.9833E+06


 => Global user-weigthed Chi2 (Bragg contrib.):   8.23    

 => ---------> Pattern#  1
 => Phase:  1
 =>    Bragg R-factor:  1.50    
 =>    RF-factor     :  1.85    
 ++++++++++++++++++++++++++++++++++++++++++++++++++++++++++++++++++++++++++++++++++++++++++++++++++++++++++++++++++++++++

 => CYCLE No.:    6
 ---------------------------------------------------------------------------------------
 => Phase  1 Name: Tetragonal                                                            
 ---------------------------------------------------------------------------------------

 ==> PROFILE PARAMETERS FOR PATTERN#  1

 => Overall scale factor:      0.001000000     0.000000000     0.000000000
 => Eta(p-Voigt) or m(Pearson VII):   0.526205  0.000040  0.005624
 => Overall tem. factor:     3.496337    0.049003    0.019555
 => Halfwidth parameters: 
         0.004133    0.000000    0.000000
        -0.007618    0.000000    0.000000
         0.006255    0.000000    0.000000
 => Cell parameters: 
        4.052580   -0.000051    0.041565
        4.052580   -0.000051    0.041565
       12.588116   -0.000156    0.129110
       90.000000    0.000000    0.000000
       90.000000    0.000000    0.000000
       90.000000    0.000000    0.000000
 => Preferred orientation: 
         0.000000    0.000000    0.000000
         0.000000    0.000000    0.000000
 => Asymmetry parameters: 
         0.000000    0.000000    0.000000
         0.000000    0.000000    0.000000
         0.000000    0.000000    0.000000
         0.000000    0.000000    0.000000
 => X and Y parameters: 
         0.018772    0.000000    0.000000
         0.000000    0.000000    0.000000
 => Strain parameters: 
         0.000000    0.000000    0.000000
         0.000000    0.000000    0.000000
         0.000000    0.000000    0.000000
 => Size   parameters (G,L): 
         0.000000    0.000000    0.000000
         0.000000    0.000000    0.000000

 ==> GLOBAL PARAMETERS FOR PATTERN#  1


 => Zero-point:     0.0568    0.0000    0.0000
 => Refined wavelength:  -0.000429 -0.000011  0.015801
 => Background Polynomial Parameters ==>
       158.68      0.0000      0.0000    
      -164.84      0.0000      0.0000    
       371.64     0.22751E-01  2.2880    
      -269.37    -0.43529E-02  2.1931    
      -260.43      0.0000      0.0000    
       265.83      0.0000      0.0000    

 => Cos( theta)-shift parameter :   0.0018  0.0000  0.0000
 => Sin(2theta)-shift parameter :  -0.0074  0.0000  0.0000

 ==> RELIABILITY FACTORS WITH ALL NON-EXCLUDED POINTS FOR PATTERN:  1

 => R-Factors:   9.70      13.3     Chi2:  5.92     DW-Stat.:  0.3302   Patt#:  1
 => Expected :            5.48                                1.9324
 => Deviance : 0.586E+05     Dev*:   7.325    
 => GoF-index:  2.4         Sqrt(Residual/N)
 => N-P+C:  7994

 =>    SumYdif       SumYobs      SumYcal      SumwYobsSQ     Residual    Condition
     0.2586E+06    0.2665E+07    0.2638E+07    0.2665E+07    0.4736E+05    0.1310E+16


 => Conventional Rietveld Rp,Rwp,Re and Chi2:   22.3      21.7      8.93      5.925    
 => (Values obtained using Ynet, but true sigma(y))
 =>  SumYnet, Sum(w Ynet**2):     0.1161E+07    0.1003E+07


 ==> RELIABILITY FACTORS FOR POINTS WITH BRAGG CONTRIBUTIONS FOR PATTERN:  1

 => R-Factors:   10.3      12.9     Chi2:  8.17     DW-Stat.:  0.5690   Patt#:
 => Expected :            4.51                                1.8972
 => Deviance : 0.277E+05     Dev*:   8.217    
 => GoF-index:  2.9         Sqrt(Residual/N)
 => N-P+C:  3364

 =>    SumYdif       SumYobs      SumYcal      SumwYobsSQ     Residual    Condition
     0.1711E+06    0.1656E+07    0.1648E+07    0.1656E+07    0.2748E+05    0.1310E+16


 => Conventional Rietveld Rp,Rwp,Re and Chi2:   15.0      16.7      5.85      8.170    
 => (Values obtained using Ynet, but true sigma(y))
 =>  SumYnet, Sum(w Ynet**2):     0.1143E+07    0.9834E+06


 => Global user-weigthed Chi2 (Bragg contrib.):   8.17    

 => ---------> Pattern#  1
 => Phase:  1
 =>    Bragg R-factor:  1.84    
 =>    RF-factor     :  2.17    
 ++++++++++++++++++++++++++++++++++++++++++++++++++++++++++++++++++++++++++++++++++++++++++++++++++++++++++++++++++++++++

 => CYCLE No.:    7
 ---------------------------------------------------------------------------------------
 => Phase  1 Name: Tetragonal                                                            
 ---------------------------------------------------------------------------------------

 ==> PROFILE PARAMETERS FOR PATTERN#  1

 => Overall scale factor:      0.001000000     0.000000000     0.000000000
 => Eta(p-Voigt) or m(Pearson VII):   0.526691  0.000486  0.005627
 => Overall tem. factor:     3.553835    0.057498    0.019524
 => Halfwidth parameters: 
         0.004133    0.000000    0.000000
        -0.007618    0.000000    0.000000
         0.006255    0.000000    0.000000
 => Cell parameters: 
        4.052456   -0.000124    0.000000
        4.052456   -0.000124    0.000000
       12.587723   -0.000393    0.000000
       90.000000    0.000000    0.000000
       90.000000    0.000000    0.000000
       90.000000    0.000000    0.000000
 => Preferred orientation: 
         0.000000    0.000000    0.000000
         0.000000    0.000000    0.000000
 => Asymmetry parameters: 
         0.000000    0.000000    0.000000
         0.000000    0.000000    0.000000
         0.000000    0.000000    0.000000
         0.000000    0.000000    0.000000
 => X and Y parameters: 
         0.018772    0.000000    0.000000
         0.000000    0.000000    0.000000
 => Strain parameters: 
         0.000000    0.000000    0.000000
         0.000000    0.000000    0.000000
         0.000000    0.000000    0.000000
 => Size   parameters (G,L): 
         0.000000    0.000000    0.000000
         0.000000    0.000000    0.000000

 ==> GLOBAL PARAMETERS FOR PATTERN#  1


 => Zero-point:     0.0568    0.0000    0.0000
 => Refined wavelength:  -0.000458 -0.000029  0.005930
 => Background Polynomial Parameters ==>
       158.68      0.0000      0.0000    
      -164.84      0.0000      0.0000    
       371.62    -0.10623E-01  2.2940    
      -269.39    -0.21446E-01  2.1989    
      -260.43      0.0000      0.0000    
       265.83      0.0000      0.0000    

 => Cos( theta)-shift parameter :   0.0018  0.0000  0.0000
 => Sin(2theta)-shift parameter :  -0.0074  0.0000  0.0000

 ==> RELIABILITY FACTORS WITH ALL NON-EXCLUDED POINTS FOR PATTERN:  1

 => R-Factors:   9.70      13.4     Chi2:  5.94     DW-Stat.:  0.3305   Patt#:  1
 => Expected :            5.48                                1.9324
 => Deviance : 0.587E+05     Dev*:   7.334    
 => GoF-index:  2.4         Sqrt(Residual/N)
 => N-P+C:  7994

 =>    SumYdif       SumYobs      SumYcal      SumwYobsSQ     Residual    Condition
     0.2586E+06    0.2665E+07    0.2641E+07    0.2665E+07    0.4751E+05    0.1320E+16


 => Conventional Rietveld Rp,Rwp,Re and Chi2:   22.3      21.8      8.93      5.943    
 => (Values obtained using Ynet, but true sigma(y))
 =>  SumYnet, Sum(w Ynet**2):     0.1161E+07    0.1003E+07


 ==> RELIABILITY FACTORS FOR POINTS WITH BRAGG CONTRIBUTIONS FOR PATTERN:  1

 => R-Factors:   10.3      12.9     Chi2:  8.21     DW-Stat.:  0.5683   Patt#:
 => Expected :            4.51                                1.8972
 => Deviance : 0.278E+05     Dev*:   8.240    
 => GoF-index:  2.9         Sqrt(Residual/N)
 => N-P+C:  3365

 =>    SumYdif       SumYobs      SumYcal      SumwYobsSQ     Residual    Condition
     0.1711E+06    0.1656E+07    0.1651E+07    0.1656E+07    0.2764E+05    0.1320E+16


 => Conventional Rietveld Rp,Rwp,Re and Chi2:   15.0      16.8      5.85      8.213    
 => (Values obtained using Ynet, but true sigma(y))
 =>  SumYnet, Sum(w Ynet**2):     0.1143E+07    0.9834E+06


 => Global user-weigthed Chi2 (Bragg contrib.):   8.21    

 => ---------> Pattern#  1
 => Phase:  1
 =>    Bragg R-factor:  1.80    
 =>    RF-factor     :  2.05    
 ++++++++++++++++++++++++++++++++++++++++++++++++++++++++++++++++++++++++++++++++++++++++++++++++++++++++++++++++++++++++

 => CYCLE No.:    8
 ---------------------------------------------------------------------------------------
 => Phase  1 Name: Tetragonal                                                            
 ---------------------------------------------------------------------------------------

 ==> PROFILE PARAMETERS FOR PATTERN#  1

 => Overall scale factor:      0.001000000     0.000000000     0.000000000
 => Eta(p-Voigt) or m(Pearson VII):   0.528738  0.002046  0.005693
 => Overall tem. factor:     3.611861    0.058025    0.019759
 => Halfwidth parameters: 
         0.004133    0.000000    0.000000
        -0.007618    0.000000    0.000000
         0.006255    0.000000    0.000000
 => Cell parameters: 
        4.052474    0.000019    0.000000
        4.052474    0.000019    0.000000
       12.587770    0.000047    0.000000
       90.000000    0.000000    0.000000
       90.000000    0.000000    0.000000
       90.000000    0.000000    0.000000
 => Preferred orientation: 
         0.000000    0.000000    0.000000
         0.000000    0.000000    0.000000
 => Asymmetry parameters: 
         0.000000    0.000000    0.000000
         0.000000    0.000000    0.000000
         0.000000    0.000000    0.000000
         0.000000    0.000000    0.000000
 => X and Y parameters: 
         0.018772    0.000000    0.000000
         0.000000    0.000000    0.000000
 => Strain parameters: 
         0.000000    0.000000    0.000000
         0.000000    0.000000    0.000000
         0.000000    0.000000    0.000000
 => Size   parameters (G,L): 
         0.000000    0.000000    0.000000
         0.000000    0.000000    0.000000

 ==> GLOBAL PARAMETERS FOR PATTERN#  1


 => Zero-point:     0.0568    0.0000    0.0000
 => Refined wavelength:  -0.000470 -0.000012  0.006439
 => Background Polynomial Parameters ==>
       158.68      0.0000      0.0000    
      -164.84      0.0000      0.0000    
       371.64     0.16626E-01  2.3204    
      -269.41    -0.24293E-01  2.2242    
      -260.43      0.0000      0.0000    
       265.83      0.0000      0.0000    

 => Cos( theta)-shift parameter :   0.0018  0.0000  0.0000
 => Sin(2theta)-shift parameter :  -0.0074  0.0000  0.0000

 ==> RELIABILITY FACTORS WITH ALL NON-EXCLUDED POINTS FOR PATTERN:  1

 => R-Factors:   9.79      13.4     Chi2:  6.02     DW-Stat.:  0.3273   Patt#:  1
 => Expected :            5.48                                1.9324
 => Deviance : 0.594E+05     Dev*:   7.424    
 => GoF-index:  2.5         Sqrt(Residual/N)
 => N-P+C:  7994

 =>    SumYdif       SumYobs      SumYcal      SumwYobsSQ     Residual    Condition
     0.2610E+06    0.2665E+07    0.2641E+07    0.2665E+07    0.4815E+05    0.1316E+16


 => Conventional Rietveld Rp,Rwp,Re and Chi2:   22.5      21.9      8.93      6.023    
 => (Values obtained using Ynet, but true sigma(y))
 =>  SumYnet, Sum(w Ynet**2):     0.1161E+07    0.1003E+07


 ==> RELIABILITY FACTORS FOR POINTS WITH BRAGG CONTRIBUTIONS FOR PATTERN:  1

 => R-Factors:   10.5      13.1     Chi2:  8.40     DW-Stat.:  0.5575   Patt#:
 => Expected :            4.51                                1.8972
 => Deviance : 0.285E+05     Dev*:   8.454    
 => GoF-index:  2.9         Sqrt(Residual/N)
 => N-P+C:  3364

 =>    SumYdif       SumYobs      SumYcal      SumwYobsSQ     Residual    Condition
     0.1735E+06    0.1656E+07    0.1651E+07    0.1656E+07    0.2827E+05    0.1316E+16


 => Conventional Rietveld Rp,Rwp,Re and Chi2:   15.2      17.0      5.85      8.403    
 => (Values obtained using Ynet, but true sigma(y))
 =>  SumYnet, Sum(w Ynet**2):     0.1143E+07    0.9834E+06


 => Global user-weigthed Chi2 (Bragg contrib.):   8.40    

 => ---------> Pattern#  1
 => Phase:  1
 =>    Bragg R-factor:  2.10    
 =>    RF-factor     :  2.17    
 ++++++++++++++++++++++++++++++++++++++++++++++++++++++++++++++++++++++++++++++++++++++++++++++++++++++++++++++++++++++++

 => CYCLE No.:    9
 ---------------------------------------------------------------------------------------
 => Phase  1 Name: Tetragonal                                                            
 ---------------------------------------------------------------------------------------

 ==> PROFILE PARAMETERS FOR PATTERN#  1

 => Overall scale factor:      0.001000000     0.000000000     0.000000000
 => Eta(p-Voigt) or m(Pearson VII):   0.528742  0.000004  0.005696
 => Overall tem. factor:     3.679670    0.067809    0.019783
 => Halfwidth parameters: 
         0.004133    0.000000    0.000000
        -0.007618    0.000000    0.000000
         0.006255    0.000000    0.000000
 => Cell parameters: 
        4.052606    0.000132    0.019532
        4.052606    0.000132    0.019532
       12.588177    0.000407    0.060671
       90.000000    0.000000    0.000000
       90.000000    0.000000    0.000000
       90.000000    0.000000    0.000000
 => Preferred orientation: 
         0.000000    0.000000    0.000000
         0.000000    0.000000    0.000000
 => Asymmetry parameters: 
         0.000000    0.000000    0.000000
         0.000000    0.000000    0.000000
         0.000000    0.000000    0.000000
         0.000000    0.000000    0.000000
 => X and Y parameters: 
         0.018772    0.000000    0.000000
         0.000000    0.000000    0.000000
 => Strain parameters: 
         0.000000    0.000000    0.000000
         0.000000    0.000000    0.000000
         0.000000    0.000000    0.000000
 => Size   parameters (G,L): 
         0.000000    0.000000    0.000000
         0.000000    0.000000    0.000000

 ==> GLOBAL PARAMETERS FOR PATTERN#  1


 => Zero-point:     0.0568    0.0000    0.0000
 => Refined wavelength:  -0.000448  0.000022  0.007425
 => Background Polynomial Parameters ==>
       158.68      0.0000      0.0000    
      -164.84      0.0000      0.0000    
       371.70     0.56446E-01  2.3309    
      -269.44    -0.25585E-01  2.2342    
      -260.43      0.0000      0.0000    
       265.83      0.0000      0.0000    

 => Cos( theta)-shift parameter :   0.0018  0.0000  0.0000
 => Sin(2theta)-shift parameter :  -0.0074  0.0000  0.0000

 ==> RELIABILITY FACTORS WITH ALL NON-EXCLUDED POINTS FOR PATTERN:  1

 => R-Factors:   9.79      13.4     Chi2:  6.03     DW-Stat.:  0.3282   Patt#:  1
 => Expected :            5.48                                1.9324
 => Deviance : 0.593E+05     Dev*:   7.412    
 => GoF-index:  2.5         Sqrt(Residual/N)
 => N-P+C:  7994

 =>    SumYdif       SumYobs      SumYcal      SumwYobsSQ     Residual    Condition
     0.2608E+06    0.2665E+07    0.2646E+07    0.2665E+07    0.4821E+05    0.1325E+16


 => Conventional Rietveld Rp,Rwp,Re and Chi2:   22.5      21.9      8.93      6.031    
 => (Values obtained using Ynet, but true sigma(y))
 =>  SumYnet, Sum(w Ynet**2):     0.1161E+07    0.1003E+07


 ==> RELIABILITY FACTORS FOR POINTS WITH BRAGG CONTRIBUTIONS FOR PATTERN:  1

 => R-Factors:   10.5      13.1     Chi2:  8.48     DW-Stat.:  0.5544   Patt#:
 => Expected :            4.51                                1.8972
 => Deviance : 0.288E+05     Dev*:   8.541    
 => GoF-index:  2.9         Sqrt(Residual/N)
 => N-P+C:  3366

 =>    SumYdif       SumYobs      SumYcal      SumwYobsSQ     Residual    Condition
     0.1736E+06    0.1657E+07    0.1655E+07    0.1657E+07    0.2854E+05    0.1325E+16


 => Conventional Rietveld Rp,Rwp,Re and Chi2:   15.2      17.0      5.85      8.480    
 => (Values obtained using Ynet, but true sigma(y))
 =>  SumYnet, Sum(w Ynet**2):     0.1143E+07    0.9836E+06


 => Global user-weigthed Chi2 (Bragg contrib.):   8.48    

 => ---------> Pattern#  1
 => Phase:  1
 =>    Bragg R-factor:  1.85    
 =>    RF-factor     :  2.05    
 ++++++++++++++++++++++++++++++++++++++++++++++++++++++++++++++++++++++++++++++++++++++++++++++++++++++++++++++++++++++++

 => CYCLE No.:   10
 ---------------------------------------------------------------------------------------
 => Phase  1 Name: Tetragonal                                                            
 ---------------------------------------------------------------------------------------

 ==> PROFILE PARAMETERS FOR PATTERN#  1

 => Overall scale factor:      0.001000000     0.000000000     0.000000000
 => Eta(p-Voigt) or m(Pearson VII):   0.527808 -0.000934  0.005618
 => Overall tem. factor:     3.740556    0.060886    0.019553
 => Halfwidth parameters: 
         0.004133    0.000000    0.000000
        -0.007618    0.000000    0.000000
         0.006255    0.000000    0.000000
 => Cell parameters: 
        4.052634    0.000028    0.000000
        4.052634    0.000028    0.000000
       12.588278    0.000101    0.000000
       90.000000    0.000000    0.000000
       90.000000    0.000000    0.000000
       90.000000    0.000000    0.000000
 => Preferred orientation: 
         0.000000    0.000000    0.000000
         0.000000    0.000000    0.000000
 => Asymmetry parameters: 
         0.000000    0.000000    0.000000
         0.000000    0.000000    0.000000
         0.000000    0.000000    0.000000
         0.000000    0.000000    0.000000
 => X and Y parameters: 
         0.018772    0.000000    0.000000
         0.000000    0.000000    0.000000
 => Strain parameters: 
         0.000000    0.000000    0.000000
         0.000000    0.000000    0.000000
         0.000000    0.000000    0.000000
 => Size   parameters (G,L): 
         0.000000    0.000000    0.000000
         0.000000    0.000000    0.000000

 ==> GLOBAL PARAMETERS FOR PATTERN#  1


 => Zero-point:     0.0568    0.0000    0.0000
 => Refined wavelength:  -0.000443  0.000005  0.004456
 => Background Polynomial Parameters ==>
       158.68      0.0000      0.0000    
      -164.84      0.0000      0.0000    
       371.75     0.51911E-01  2.2962    
      -269.49    -0.57625E-01  2.2010    
      -260.43      0.0000      0.0000    
       265.83      0.0000      0.0000    

 => Cos( theta)-shift parameter :   0.0018  0.0000  0.0000
 => Sin(2theta)-shift parameter :  -0.0074  0.0000  0.0000

 ==> RELIABILITY FACTORS WITH ALL NON-EXCLUDED POINTS FOR PATTERN:  1

 => R-Factors:   9.71      13.4     Chi2:  5.95     DW-Stat.:  0.3307   Patt#:  1
 => Expected :            5.48                                1.9324
 => Deviance : 0.586E+05     Dev*:   7.329    
 => GoF-index:  2.4         Sqrt(Residual/N)
 => N-P+C:  7994

 =>    SumYdif       SumYobs      SumYcal      SumwYobsSQ     Residual    Condition
     0.2589E+06    0.2665E+07    0.2644E+07    0.2665E+07    0.4759E+05    0.1320E+16


 => Conventional Rietveld Rp,Rwp,Re and Chi2:   22.3      21.8      8.93      5.953    
 => (Values obtained using Ynet, but true sigma(y))
 =>  SumYnet, Sum(w Ynet**2):     0.1161E+07    0.1003E+07


 ==> RELIABILITY FACTORS FOR POINTS WITH BRAGG CONTRIBUTIONS FOR PATTERN:  1

 => R-Factors:   10.3      12.9     Chi2:  8.23     DW-Stat.:  0.5679   Patt#:
 => Expected :            4.51                                1.8972
 => Deviance : 0.277E+05     Dev*:   8.221    
 => GoF-index:  2.9         Sqrt(Residual/N)
 => N-P+C:  3367

 =>    SumYdif       SumYobs      SumYcal      SumwYobsSQ     Residual    Condition
     0.1714E+06    0.1657E+07    0.1654E+07    0.1657E+07    0.2771E+05    0.1320E+16


 => Conventional Rietveld Rp,Rwp,Re and Chi2:   15.0      16.8      5.85      8.229    
 => (Values obtained using Ynet, but true sigma(y))
 =>  SumYnet, Sum(w Ynet**2):     0.1143E+07    0.9834E+06


 => Global user-weigthed Chi2 (Bragg contrib.):   8.23    

 => ---------> Pattern#  1
 => Phase:  1
 =>    Bragg R-factor:  1.66    
 =>    RF-factor     :  2.04    
 ++++++++++++++++++++++++++++++++++++++++++++++++++++++++++++++++++++++++++++++++++++++++++++++++++++++++++++++++++++++++

 => CYCLE No.:   11
 ---------------------------------------------------------------------------------------
 => Phase  1 Name: Tetragonal                                                            
 ---------------------------------------------------------------------------------------

 ==> PROFILE PARAMETERS FOR PATTERN#  1

 => Overall scale factor:      0.001000000     0.000000000     0.000000000
 => Eta(p-Voigt) or m(Pearson VII):   0.527038 -0.000770  0.005617
 => Overall tem. factor:     3.793522    0.052966    0.019540
 => Halfwidth parameters: 
         0.004133    0.000000    0.000000
        -0.007618    0.000000    0.000000
         0.006255    0.000000    0.000000
 => Cell parameters: 
        4.052620   -0.000013    0.020285
        4.052620   -0.000013    0.020285
       12.588203   -0.000074    0.063010
       90.000000    0.000000    0.000000
       90.000000    0.000000    0.000000
       90.000000    0.000000    0.000000
 => Preferred orientation: 
         0.000000    0.000000    0.000000
         0.000000    0.000000    0.000000
 => Asymmetry parameters: 
         0.000000    0.000000    0.000000
         0.000000    0.000000    0.000000
         0.000000    0.000000    0.000000
         0.000000    0.000000    0.000000
 => X and Y parameters: 
         0.018772    0.000000    0.000000
         0.000000    0.000000    0.000000
 => Strain parameters: 
         0.000000    0.000000    0.000000
         0.000000    0.000000    0.000000
         0.000000    0.000000    0.000000
 => Size   parameters (G,L): 
         0.000000    0.000000    0.000000
         0.000000    0.000000    0.000000

 ==> GLOBAL PARAMETERS FOR PATTERN#  1


 => Zero-point:     0.0568    0.0000    0.0000
 => Refined wavelength:  -0.000449 -0.000006  0.007711
 => Background Polynomial Parameters ==>
       158.68      0.0000      0.0000    
      -164.84      0.0000      0.0000    
       371.75     0.48662E-02  2.2890    
      -269.57    -0.74169E-01  2.1941    
      -260.43      0.0000      0.0000    
       265.83      0.0000      0.0000    

 => Cos( theta)-shift parameter :   0.0018  0.0000  0.0000
 => Sin(2theta)-shift parameter :  -0.0074  0.0000  0.0000

 ==> RELIABILITY FACTORS WITH ALL NON-EXCLUDED POINTS FOR PATTERN:  1

 => R-Factors:   9.71      13.3     Chi2:  5.93     DW-Stat.:  0.3306   Patt#:  1
 => Expected :            5.48                                1.9324
 => Deviance : 0.586E+05     Dev*:   7.318    
 => GoF-index:  2.4         Sqrt(Residual/N)
 => N-P+C:  7994

 =>    SumYdif       SumYobs      SumYcal      SumwYobsSQ     Residual    Condition
     0.2587E+06    0.2665E+07    0.2640E+07    0.2665E+07    0.4739E+05    0.1315E+16


 => Conventional Rietveld Rp,Rwp,Re and Chi2:   22.3      21.7      8.93      5.928    
 => (Values obtained using Ynet, but true sigma(y))
 =>  SumYnet, Sum(w Ynet**2):     0.1161E+07    0.1003E+07


 ==> RELIABILITY FACTORS FOR POINTS WITH BRAGG CONTRIBUTIONS FOR PATTERN:  1

 => R-Factors:   10.3      12.9     Chi2:  8.18     DW-Stat.:  0.5695   Patt#:
 => Expected :            4.51                                1.8972
 => Deviance : 0.276E+05     Dev*:   8.201    
 => GoF-index:  2.9         Sqrt(Residual/N)
 => N-P+C:  3364

 =>    SumYdif       SumYobs      SumYcal      SumwYobsSQ     Residual    Condition
     0.1712E+06    0.1656E+07    0.1650E+07    0.1656E+07    0.2751E+05    0.1315E+16


 => Conventional Rietveld Rp,Rwp,Re and Chi2:   15.0      16.7      5.85      8.178    
 => (Values obtained using Ynet, but true sigma(y))
 =>  SumYnet, Sum(w Ynet**2):     0.1143E+07    0.9834E+06


 => Global user-weigthed Chi2 (Bragg contrib.):   8.18    

 => ---------> Pattern#  1
 => Phase:  1
 =>    Bragg R-factor:  1.74    
 =>    RF-factor     :  2.09    
 ++++++++++++++++++++++++++++++++++++++++++++++++++++++++++++++++++++++++++++++++++++++++++++++++++++++++++++++++++++++++

 => CYCLE No.:   12
 ---------------------------------------------------------------------------------------
 => Phase  1 Name: Tetragonal                                                            
 ---------------------------------------------------------------------------------------

 ==> PROFILE PARAMETERS FOR PATTERN#  1

 => Overall scale factor:      0.001000000     0.000000000     0.000000000
 => Eta(p-Voigt) or m(Pearson VII):   0.526656 -0.000381  0.005617
 => Overall tem. factor:     3.847929    0.054408    0.019518
 => Halfwidth parameters: 
         0.004133    0.000000    0.000000
        -0.007618    0.000000    0.000000
         0.006255    0.000000    0.000000
 => Cell parameters: 
        4.052617   -0.000003    0.019528
        4.052617   -0.000003    0.019528
       12.588209    0.000006    0.060659
       90.000000    0.000000    0.000000
       90.000000    0.000000    0.000000
       90.000000    0.000000    0.000000
 => Preferred orientation: 
         0.000000    0.000000    0.000000
         0.000000    0.000000    0.000000
 => Asymmetry parameters: 
         0.000000    0.000000    0.000000
         0.000000    0.000000    0.000000
         0.000000    0.000000    0.000000
         0.000000    0.000000    0.000000
 => X and Y parameters: 
         0.018772    0.000000    0.000000
         0.000000    0.000000    0.000000
 => Strain parameters: 
         0.000000    0.000000    0.000000
         0.000000    0.000000    0.000000
         0.000000    0.000000    0.000000
 => Size   parameters (G,L): 
         0.000000    0.000000    0.000000
         0.000000    0.000000    0.000000

 ==> GLOBAL PARAMETERS FOR PATTERN#  1


 => Zero-point:     0.0568    0.0000    0.0000
 => Refined wavelength:  -0.000451 -0.000002  0.007424
 => Background Polynomial Parameters ==>
       158.68      0.0000      0.0000    
      -164.84      0.0000      0.0000    
       371.76     0.12633E-02  2.2890    
      -269.63    -0.57957E-01  2.1941    
      -260.43      0.0000      0.0000    
       265.83      0.0000      0.0000    

 => Cos( theta)-shift parameter :   0.0018  0.0000  0.0000
 => Sin(2theta)-shift parameter :  -0.0074  0.0000  0.0000

 ==> RELIABILITY FACTORS WITH ALL NON-EXCLUDED POINTS FOR PATTERN:  1

 => R-Factors:   9.70      13.3     Chi2:  5.93     DW-Stat.:  0.3307   Patt#:  1
 => Expected :            5.48                                1.9324
 => Deviance : 0.586E+05     Dev*:   7.321    
 => GoF-index:  2.4         Sqrt(Residual/N)
 => N-P+C:  7994

 =>    SumYdif       SumYobs      SumYcal      SumwYobsSQ     Residual    Condition
     0.2586E+06    0.2665E+07    0.2640E+07    0.2665E+07    0.4740E+05    0.1317E+16


 => Conventional Rietveld Rp,Rwp,Re and Chi2:   22.3      21.7      8.93      5.929    
 => (Values obtained using Ynet, but true sigma(y))
 =>  SumYnet, Sum(w Ynet**2):     0.1161E+07    0.1003E+07


 ==> RELIABILITY FACTORS FOR POINTS WITH BRAGG CONTRIBUTIONS FOR PATTERN:  1

 => R-Factors:   10.3      12.9     Chi2:  8.18     DW-Stat.:  0.5696   Patt#:
 => Expected :            4.51                                1.8972
 => Deviance : 0.276E+05     Dev*:   8.201    
 => GoF-index:  2.9         Sqrt(Residual/N)
 => N-P+C:  3365

 =>    SumYdif       SumYobs      SumYcal      SumwYobsSQ     Residual    Condition
     0.1711E+06    0.1656E+07    0.1650E+07    0.1656E+07    0.2752E+05    0.1317E+16


 => Conventional Rietveld Rp,Rwp,Re and Chi2:   15.0      16.7      5.85      8.178    
 => (Values obtained using Ynet, but true sigma(y))
 =>  SumYnet, Sum(w Ynet**2):     0.1143E+07    0.9834E+06


 => Global user-weigthed Chi2 (Bragg contrib.):   8.18    

 => ---------> Pattern#  1
 => Phase:  1
 =>    Bragg R-factor:  1.76    
 =>    RF-factor     :  2.08    


   Standard deviations have to be multiplied by: 2.5641
   (correlated residuals) See references:
  -J.F.Berar & P.Lelann, J. Appl. Cryst. 24, 1-5 (1991) 
  -J.F.Berar, Acc. in Pow. Diff. II,NIST Sp.Pub. 846, 63(1992) 

 ++++++++++++++++++++++++++++++++++++++++++++++++++++++++++++++++++++++++++++++++++++++++++++++++++++++++++++++++++++++++

 => CYCLE No.:   12
 =>  Convergence reached at this CYCLE !!!!
 =>  Parameter shifts set to zero
 ---------------------------------------------------------------------------------------
 => Phase  1 Name: Tetragonal                                                            
 ---------------------------------------------------------------------------------------

 ==> PROFILE PARAMETERS FOR PATTERN#  1

 => Overall scale factor:      0.001000000     0.000000000     0.000000000
 => Eta(p-Voigt) or m(Pearson VII):   0.526656  0.000000  0.005617
 => Overall tem. factor:     3.847929    0.000000    0.019518
 => Halfwidth parameters: 
         0.004133    0.000000    0.000000
        -0.007618    0.000000    0.000000
         0.006255    0.000000    0.000000
 => Cell parameters: 
        4.052617    0.000000    0.019528
        4.052617    0.000000    0.019528
       12.588209    0.000000    0.060659
       90.000000    0.000000    0.000000
       90.000000    0.000000    0.000000
       90.000000    0.000000    0.000000
 => Preferred orientation: 
         0.000000    0.000000    0.000000
         0.000000    0.000000    0.000000
 => Asymmetry parameters: 
         0.000000    0.000000    0.000000
         0.000000    0.000000    0.000000
         0.000000    0.000000    0.000000
         0.000000    0.000000    0.000000
 => X and Y parameters: 
         0.018772    0.000000    0.000000
         0.000000    0.000000    0.000000
 => Strain parameters: 
         0.000000    0.000000    0.000000
         0.000000    0.000000    0.000000
         0.000000    0.000000    0.000000
 => Size   parameters (G,L): 
         0.000000    0.000000    0.000000
         0.000000    0.000000    0.000000

 ==> GLOBAL PARAMETERS FOR PATTERN#  1


 => Zero-point:     0.0568    0.0000    0.0000
 => Refined wavelength:  -0.000451  0.000000  0.007424
 => Background Polynomial Parameters ==>
       158.68      0.0000      0.0000    
      -164.84      0.0000      0.0000    
       371.76      0.0000      2.2890    
      -269.63      0.0000      2.1941    
      -260.43      0.0000      0.0000    
       265.83      0.0000      0.0000    

 => Cos( theta)-shift parameter :   0.0018  0.0000  0.0000
 => Sin(2theta)-shift parameter :  -0.0074  0.0000  0.0000

 ==> RELIABILITY FACTORS WITH ALL NON-EXCLUDED POINTS FOR PATTERN:  1

 => R-Factors:   9.70      13.3     Chi2:  5.93     DW-Stat.:  0.3307   Patt#:  1
 => Expected :            5.48                                1.9324
 => Deviance : 0.586E+05     Dev*:   7.321    
 => GoF-index:  2.4         Sqrt(Residual/N)
 => N-P+C:  7994

 =>    SumYdif       SumYobs      SumYcal      SumwYobsSQ     Residual    Condition
     0.2586E+06    0.2665E+07    0.2640E+07    0.2665E+07    0.4740E+05    0.1317E+16


 => Conventional Rietveld Rp,Rwp,Re and Chi2:   22.3      21.7      8.93      5.929    
 => (Values obtained using Ynet, but true sigma(y))
 =>  SumYnet, Sum(w Ynet**2):     0.1161E+07    0.1003E+07

 => N-sigma of the GoF:      311.614

 ==> RELIABILITY FACTORS FOR POINTS WITH BRAGG CONTRIBUTIONS FOR PATTERN:  1

 => R-Factors:   10.3      12.9     Chi2:  8.18     DW-Stat.:  0.5696   Patt#:
 => Expected :            4.51                                1.8972
 => Deviance : 0.276E+05     Dev*:   8.201    
 => GoF-index:  2.9         Sqrt(Residual/N)
 => N-P+C:  3365

 =>    SumYdif       SumYobs      SumYcal      SumwYobsSQ     Residual    Condition
     0.1711E+06    0.1656E+07    0.1650E+07    0.1656E+07    0.2752E+05    0.1317E+16


 => Conventional Rietveld Rp,Rwp,Re and Chi2:   15.0      16.7      5.85      8.178    
 => (Values obtained using Ynet, but true sigma(y))
 =>  SumYnet, Sum(w Ynet**2):     0.1143E+07    0.9834E+06

 => N-sigma of the GoF:      294.420

 => Global user-weigthed Chi2 (Bragg contrib.):   14.1    

 => ---------> Pattern#  1
 => Phase:  1
 =>    Bragg R-factor:  1.77    
 =>    RF-factor     :  2.09    

 --------------------------------------------------------------------------------------------------------------
 Pattern#  1 Phase No.:   1 Phase name: Tetragonal                    
 --------------------------------------------------------------------------------------------------------------

   No.  Code     H   K   L  Mult      Hw      ETA/M    2theta/TOF     Icalc       Iobs      Sigma     StrFactor^2    d-hkl       CORR

      1   1      0   0   2     2  0.073338  0.790574      14.059      311.6      311.8      2.061       2701.5503  6.294101      0.953249
      2   1      1   0   1     8  0.069816  0.959090      23.036       62.0       62.1      1.396        403.9537  3.857637      0.880330
      3   1      0   0   4     2  0.067789  1.058572      28.336        1.7        1.7      1.083        -72.7300  3.147051      0.825706
      4   1      1   0   3     8  0.066918  1.101908      30.644     1931.0     1938.1      3.809      25395.8242  2.915029      0.799941
      5   1      1   1   0     4  0.066715  1.112073      31.186     1268.2     1272.6      2.998      34907.9102  2.865635      0.793757
      6   1      1   1   2     8  0.065536  1.171601      34.357       15.9       15.9      1.017        282.5609  2.608047      0.756648
      7   1      1   0   5     8  0.062688  1.319270      42.223      282.4      284.2      1.634       9107.5225  2.138563      0.660517
      8   1      1   1   4     8  0.062542  1.327011      42.636       68.2       68.6      0.715       2265.0601  2.118829      0.655410
      9   1      0   0   6     2  0.062386  1.335338      43.079      287.6      289.5      1.542      39439.8398  2.098034      0.649917
     10   1      2   0   0     4  0.061824  1.365476      44.685      669.3      673.9      2.367      51409.0664  2.026310      0.630050
     11   1      2   0   2     8  0.060999  1.410358      47.076       82.1       82.7      1.117       3722.4436  1.928819      0.600595
     12   1      2   1   1    16  0.059727  1.481359      50.858       12.7       12.8      0.847        370.7457  1.793890      0.554652
     13   1      2   0   4     8  0.058783  1.535836      53.760       12.3       12.5      0.710        873.9615  1.703699      0.520236
     14   1      1   1   6     8  0.058664  1.542842      54.133      365.0      368.6      1.751      26466.2168  1.692831      0.515876
     15   1      2   1   3    16  0.058340  1.562052      55.156      730.5      737.9      2.456      28299.9297  1.663819      0.504003
     16   1      1   0   7     8  0.058111  1.575794      55.888       15.4       15.6      0.599       1250.0408  1.643749      0.495590
     17   1      0   0   8     2  0.057279  1.627047      58.619       48.3       48.9      0.981      18629.6484  1.573525      0.464839
     18   1      2   1   5    16  0.055981  1.712271      63.159      155.9      157.9      1.313       9904.0508  1.470901      0.416159
     19   1      2   0   6     8  0.055806  1.724438      63.807      292.8      296.6      1.589      38660.6602  1.457514      0.409480
     20   1      2   2   0     4  0.055480  1.747597      65.041      180.9      183.3      1.390      51333.1641  1.432818      0.396963
     21   1      2   2   2     8  0.055005  1.782871      66.920       23.1       23.5      0.845       3657.5295  1.397075      0.378405
     22   1      1   1   8     8  0.054768  1.801275      67.900       82.1       83.3      1.072      13741.0527  1.379271      0.368969
     23   1      3   0   1     8  0.054291  1.840450      69.987        0.7        0.7      0.758        133.2372  1.343162      0.349458
     24   1      1   0   9     8  0.054018  1.864465      71.266       74.0       75.2      1.038      14919.6787  1.322159      0.337889
     25   1      2   2   4     8  0.053787  1.885987      72.413        5.0        5.2      0.737       1082.1689  1.304024      0.327775
     26   1      3   0   3     8  0.053563  1.908292      73.601      156.2      158.7      1.259      35626.4883  1.285879      0.317547
     27   1      3   1   0     8  0.053511  1.913732      73.891      159.3      162.1      0.963      36924.8750  1.281551      0.315092
     28   1      2   1   7    16  0.053451  1.920081      74.229       13.7       13.9      0.257       1610.9597  1.276547      0.312246
     29   1      0   0  10     2  0.053245  1.943096      75.455       11.8       12.0      0.707      11880.6846  1.258820      0.302107
     30   1      3   1   2    16  0.053211  1.947122      75.669        6.0        6.1      0.255        757.0208  1.255785      0.300361
     31   1      2   0   8     8  0.053070  1.964623      76.602       90.4       92.1      1.087      24057.9277  1.242807      0.292872
     32   1      3   0   5     8  0.052598  2.040570      80.647       38.1       38.9      0.874      12327.9746  1.190347      0.262201
     33   1      3   1   4    16  0.052574  2.045861      80.929       10.9       11.2      0.200       1790.0009  1.186911      0.260174
     34   1      2   2   6     8  0.052550  2.051594      81.235      122.9      125.4      1.054      40867.4453  1.183219      0.257993
     35   1      1   1  10     8  0.052410  2.101225      83.879        2.6        2.9      0.920        963.8209  1.152522      0.239799
     36   1      3   2   1    16  0.052417  2.158864      86.949       10.9       14.6      0.710      -2311.8984  1.119541      0.220176
     37   1      2   1   9    16  0.052475  2.181540      88.157       63.3       64.8      1.122      14137.7207  1.107291      0.212887
     38   1      1   0  11     8  0.052517  2.192872      88.761       68.1       69.7      0.953      31158.7441  1.101315      0.209333

     -----------------------------------------------------
     BRAGG R-Factors and weight fractions for Pattern #  1
     -----------------------------------------------------

 => Phase:  1     Tetragonal
 => Bragg R-factor:   1.87       Vol:  206.745( 1.726)  Fract(%):    0.00( 0.00)
 => Rf-factor=  2.53             ATZ:           0.000   Brindley:  1.0000

     -----------------------------------------------------------------
      SYMBOLIC NAMES AND FINAL VALUES AND SIGMA OF REFINED PARAMETERS:
     -----------------------------------------------------------------

      ->  Parameter number    1 :                                    Cell_C_ph1_pat1     12.588209    ( +/-    0.60659215E-01 )
      ->  Parameter number    2 :                                         Bck_2_pat1     371.75589    ( +/-     2.2889996     )
      ->  Parameter number    3 :                                         Bck_3_pat1    -269.62610    ( +/-     2.1940620     )
      ->  Parameter number    4 :                                        Lambda_pat1   -0.45148478E-03( +/-    0.74235220E-02 )
      ->  Parameter number    5 :                                    Cell_A_ph1_pat1     4.0526171    ( +/-    0.19528383E-01 )
      ->  Parameter number    6 :                                     Bover_ph1_pat1     3.8479292    ( +/-    0.19518083E-01 )
      ->  Parameter number    7 :                                     EtaPV_ph1_pat1    0.52665633    ( +/-    0.56173797E-02 )

 ------------------------------------------------------------------
 => Number of bytes for floating point variables: 4
 => Dimensions of dynamic allocated arrays in this run of FullProf:
 ------------------------------------------------------------------

 => Total approximate array memory (dynamic + static): 127459053 bytes

    MaxPOINT=    80000 Max.num. of points(+int. Inten.)/diffraction pattern       
    MaxREFLT=    25000 Max.num. of reflections/diffraction pattern               
    MaxPARAM=      500 Max.num. of refinable parameters                          
    MaxOVERL=     9000 Max.num. of overlapping reflections                       

 ----------------------------------------------------------
 => Number of bytes for floating point arrays: 4
 => Dimensions of fixed arrays in this release of FullProf:
 ----------------------------------------------------------

    NPATT   =       80 Max.num. of powder diffraction patterns                    
    NATS    =      830 Max.num. of atoms (all kind) in asymmetric unit            
    MPAR    =     1800 Max.num. of non atomic parameters/phase                    
    IEXCL   =       30 Max.num. of excluded regions                               
    IBACP   =      377 Max.num. of background points for interpolation            
    NPHT    =       16 Max.num. of phases                                         
    NMAGM   =        8 Max.num. of rotation-matrices sets for magnetic structure  
    NBASIS  =       12 Max.num. of basis functions associated to a single atom    
    NIREPS  =        9 Max.num. of irreducible representations to be combined     
    N_EQ    =      384 Max.num. of user-supplied symmetry operators/propagation vectors
    NGL     =      400 Max.num. of global parameters/diffraction pattern          
    N_LINC  =       50 Max.num. of global linear restraints                        
    NAT_P   =       80 Max.num. of atomic parameters per atom                     
    NCONST  =      500 Max.num. of slack constraints per phase                    
    N_SPE   =       30 Max.num. of different chemical species                     
    N_FORM  =       60 Max.num. of scattering factor values in a table            
    NPR     =      150 Max.num. of points defining a numerical profile            
    INPR    =       25 Max.num. of different numerical peak shapes                
    NPRC    =      150 Max.num. of terms in the table for correcting intensities  
    NSOL    =       10 Max.num. of solutions to be stored in Montecarlo searchs   

 
              CPU Time:     4.031 seconds
                            0.067 minutes

 => Run finished at:     Date: 07/02/2024  Time: 16:43:43.929                              
